<?xml version="1.0" encoding="UTF-8"?>
<coverage generated="1662366658">
  <project timestamp="1662366658">
    <file name="/home/redstone/php-project-48/src/Cli.php">
      <line num="26" type="stmt" count="4"/>
      <line num="27" type="stmt" count="4"/>
      <line num="32" type="stmt" count="0"/>
      <line num="33" type="stmt" count="0"/>
      <line num="34" type="stmt" count="0"/>
      <line num="35" type="stmt" count="0"/>
      <line num="36" type="stmt" count="0"/>
      <metrics loc="38" ncloc="38" classes="0" methods="0" coveredmethods="0" conditionals="0" coveredconditionals="0" statements="7" coveredstatements="2" elements="7" coveredelements="2"/>
    </file>
    <file name="/home/redstone/php-project-48/src/Comparison.php">
      <line num="10" type="stmt" count="4"/>
      <line num="16" type="stmt" count="4"/>
      <line num="17" type="stmt" count="4"/>
      <line num="18" type="stmt" count="4"/>
      <line num="23" type="stmt" count="4"/>
      <line num="28" type="stmt" count="4"/>
      <line num="29" type="stmt" count="4"/>
      <line num="31" type="stmt" count="4"/>
      <line num="32" type="stmt" count="4"/>
      <line num="37" type="stmt" count="4"/>
      <line num="38" type="stmt" count="4"/>
      <line num="41" type="stmt" count="0"/>
      <line num="42" type="stmt" count="0"/>
      <line num="43" type="stmt" count="0"/>
      <line num="46" type="stmt" count="0"/>
      <line num="47" type="stmt" count="0"/>
      <line num="50" type="stmt" count="0"/>
      <line num="55" type="stmt" count="4"/>
      <line num="56" type="stmt" count="4"/>
      <line num="57" type="stmt" count="4"/>
      <line num="59" type="stmt" count="4"/>
      <line num="60" type="stmt" count="4"/>
      <line num="61" type="stmt" count="4"/>
      <line num="63" type="stmt" count="4"/>
      <line num="68" type="stmt" count="4"/>
      <line num="69" type="stmt" count="4"/>
      <line num="70" type="stmt" count="4"/>
      <line num="71" type="stmt" count="4"/>
      <line num="72" type="stmt" count="4"/>
      <line num="74" type="stmt" count="4"/>
      <line num="75" type="stmt" count="4"/>
      <line num="76" type="stmt" count="4"/>
      <line num="78" type="stmt" count="4"/>
      <line num="79" type="stmt" count="4"/>
      <line num="82" type="stmt" count="4"/>
      <line num="83" type="stmt" count="4"/>
      <line num="86" type="stmt" count="4"/>
      <line num="87" type="stmt" count="4"/>
      <line num="90" type="stmt" count="4"/>
      <line num="91" type="stmt" count="4"/>
      <line num="94" type="stmt" count="4"/>
      <line num="97" type="stmt" count="4"/>
      <line num="100" type="stmt" count="4"/>
      <line num="105" type="stmt" count="4"/>
      <line num="106" type="stmt" count="4"/>
      <line num="107" type="stmt" count="4"/>
      <line num="108" type="stmt" count="4"/>
      <metrics loc="110" ncloc="110" classes="0" methods="0" coveredmethods="0" conditionals="0" coveredconditionals="0" statements="47" coveredstatements="41" elements="47" coveredelements="41"/>
    </file>
    <file name="/home/redstone/php-project-48/src/Formatters.php">
      <line num="11" type="stmt" count="4"/>
      <line num="12" type="stmt" count="4"/>
      <line num="13" type="stmt" count="2"/>
      <line num="14" type="stmt" count="2"/>
      <line num="15" type="stmt" count="1"/>
      <line num="16" type="stmt" count="1"/>
      <line num="17" type="stmt" count="1"/>
      <line num="19" type="stmt" count="0"/>
      <metrics loc="22" ncloc="22" classes="0" methods="0" coveredmethods="0" conditionals="0" coveredconditionals="0" statements="8" coveredstatements="7" elements="8" coveredelements="7"/>
    </file>
    <file name="/home/redstone/php-project-48/src/Formatters/Json.php">
      <line num="7" type="stmt" count="1"/>
      <line num="8" type="stmt" count="1"/>
      <line num="10" type="stmt" count="1"/>
      <line num="11" type="stmt" count="1"/>
      <line num="12" type="stmt" count="1"/>
      <line num="13" type="stmt" count="1"/>
      <line num="14" type="stmt" count="1"/>
      <line num="19" type="stmt" count="1"/>
      <line num="20" type="stmt" count="1"/>
      <line num="21" type="stmt" count="1"/>
      <line num="23" type="stmt" count="1"/>
      <line num="26" type="stmt" count="1"/>
      <line num="31" type="stmt" count="1"/>
      <line num="36" type="stmt" count="1"/>
      <line num="37" type="stmt" count="1"/>
      <line num="38" type="stmt" count="1"/>
      <line num="40" type="stmt" count="1"/>
      <line num="41" type="stmt" count="1"/>
      <line num="42" type="stmt" count="1"/>
      <line num="45" type="stmt" count="1"/>
      <line num="46" type="stmt" count="1"/>
      <line num="49" type="stmt" count="1"/>
      <line num="50" type="stmt" count="1"/>
      <line num="53" type="stmt" count="1"/>
      <line num="54" type="stmt" count="1"/>
      <line num="55" type="stmt" count="1"/>
      <line num="56" type="stmt" count="1"/>
      <line num="59" type="stmt" count="1"/>
      <line num="62" type="stmt" count="1"/>
      <metrics loc="64" ncloc="64" classes="0" methods="0" coveredmethods="0" conditionals="0" coveredconditionals="0" statements="29" coveredstatements="29" elements="29" coveredelements="29"/>
    </file>
    <file name="/home/redstone/php-project-48/src/Formatters/Plain.php">
      <line num="7" type="stmt" count="1"/>
      <line num="12" type="stmt" count="1"/>
      <line num="13" type="stmt" count="1"/>
      <line num="14" type="stmt" count="1"/>
      <line num="16" type="stmt" count="1"/>
      <line num="17" type="stmt" count="1"/>
      <line num="18" type="stmt" count="1"/>
      <line num="21" type="stmt" count="1"/>
      <line num="22" type="stmt" count="1"/>
      <line num="25" type="stmt" count="1"/>
      <line num="26" type="stmt" count="1"/>
      <line num="27" type="stmt" count="1"/>
      <line num="30" type="stmt" count="1"/>
      <line num="31" type="stmt" count="1"/>
      <line num="32" type="stmt" count="1"/>
      <line num="33" type="stmt" count="1"/>
      <line num="36" type="stmt" count="1"/>
      <line num="39" type="stmt" count="1"/>
      <metrics loc="41" ncloc="41" classes="0" methods="0" coveredmethods="0" conditionals="0" coveredconditionals="0" statements="18" coveredstatements="18" elements="18" coveredelements="18"/>
    </file>
    <file name="/home/redstone/php-project-48/src/Formatters/Stylish.php">
      <line num="15" type="stmt" count="2"/>
      <line num="20" type="stmt" count="2"/>
      <line num="21" type="stmt" count="2"/>
      <line num="22" type="stmt" count="2"/>
      <line num="23" type="stmt" count="2"/>
      <line num="26" type="stmt" count="2"/>
      <line num="28" type="stmt" count="2"/>
      <line num="29" type="stmt" count="2"/>
      <line num="30" type="stmt" count="2"/>
      <line num="32" type="stmt" count="2"/>
      <line num="33" type="stmt" count="2"/>
      <line num="35" type="stmt" count="2"/>
      <line num="36" type="stmt" count="2"/>
      <line num="37" type="stmt" count="2"/>
      <line num="40" type="stmt" count="2"/>
      <line num="41" type="stmt" count="2"/>
      <line num="43" type="stmt" count="2"/>
      <line num="45" type="stmt" count="2"/>
      <line num="46" type="stmt" count="2"/>
      <line num="47" type="stmt" count="2"/>
      <line num="51" type="stmt" count="2"/>
      <line num="52" type="stmt" count="2"/>
      <line num="55" type="stmt" count="2"/>
      <metrics loc="57" ncloc="57" classes="0" methods="0" coveredmethods="0" conditionals="0" coveredconditionals="0" statements="23" coveredstatements="23" elements="23" coveredelements="23"/>
    </file>
    <file name="/home/redstone/php-project-48/src/Parsers.php">
      <line num="9" type="stmt" count="4"/>
      <line num="10" type="stmt" count="3"/>
      <line num="12" type="stmt" count="3"/>
      <line num="13" type="stmt" count="3"/>
      <line num="15" type="stmt" count="0"/>
      <line num="20" type="stmt" count="3"/>
      <line num="25" type="stmt" count="3"/>
      <metrics loc="27" ncloc="27" classes="0" methods="0" coveredmethods="0" conditionals="0" coveredconditionals="0" statements="7" coveredstatements="6" elements="7" coveredelements="6"/>
    </file>
    <metrics files="7" loc="359" ncloc="359" classes="0" methods="0" coveredmethods="0" conditionals="0" coveredconditionals="0" statements="139" coveredstatements="126" elements="139" coveredelements="126"/>
  </project>
</coverage>
